2024-02-24T14:15:28.187Z  error: uncaughtException: logger.trace is not a function
TypeError: logger.trace is not a function
    at Object.<anonymous> (C:\Users\User\Desktop\ustoz\app.js:63:8)
    at Module._compile (node:internal/modules/cjs/loader:1376:14)
    at Module._extensions..js (node:internal/modules/cjs/loader:1435:10)
    at Module.load (node:internal/modules/cjs/loader:1207:32)
    at Module._load (node:internal/modules/cjs/loader:1023:12)
    at Function.executeUserEntryPoint [as runMain] (node:internal/modules/run_main:135:12)
    at node:internal/main/run_main_module:28:49
2024-02-24T14:18:14.476Z  error: uncaughtException: logger.trace is not a function
TypeError: logger.trace is not a function
    at Object.<anonymous> (C:\Users\User\Desktop\ustoz\app.js:63:8)
    at Module._compile (node:internal/modules/cjs/loader:1376:14)
    at Module._extensions..js (node:internal/modules/cjs/loader:1435:10)
    at Module.load (node:internal/modules/cjs/loader:1207:32)
    at Module._load (node:internal/modules/cjs/loader:1023:12)
    at Function.executeUserEntryPoint [as runMain] (node:internal/modules/run_main:135:12)
    at node:internal/main/run_main_module:28:49
2024-02-24T14:19:44.602Z  error: uncaughtException: logger.trace is not a function
TypeError: logger.trace is not a function
    at Object.<anonymous> (C:\Users\User\Desktop\ustoz\app.js:63:8)
    at Module._compile (node:internal/modules/cjs/loader:1376:14)
    at Module._extensions..js (node:internal/modules/cjs/loader:1435:10)
    at Module.load (node:internal/modules/cjs/loader:1207:32)
    at Module._load (node:internal/modules/cjs/loader:1023:12)
    at Function.executeUserEntryPoint [as runMain] (node:internal/modules/run_main:135:12)
    at node:internal/main/run_main_module:28:49
2024-02-24T14:20:01.708Z  error: uncaughtException: logger.trace is not a function
TypeError: logger.trace is not a function
    at Object.<anonymous> (C:\Users\User\Desktop\ustoz\app.js:63:8)
    at Module._compile (node:internal/modules/cjs/loader:1376:14)
    at Module._extensions..js (node:internal/modules/cjs/loader:1435:10)
    at Module.load (node:internal/modules/cjs/loader:1207:32)
    at Module._load (node:internal/modules/cjs/loader:1023:12)
    at Function.executeUserEntryPoint [as runMain] (node:internal/modules/run_main:135:12)
    at node:internal/main/run_main_module:28:49
